
D:\VIDEO\CARNAGE>echo off
*----assembling----SHOTS.ASM(0)

E:\GSPA SHOTS E:\SHOTS.obj E:\SHOTS.lst -h -l -v10
GSP Family Assembler  Version 3.50.01
(c) Copyright 1985, 1988, Texas Instruments Incorporated 
 PASS 1
 PASS 1.1 ON SECTION .text   
 PASS 2
82  BUL5YV:	.LONG	-BLT5YVEL,-BLT5YVEL,0,BLT5YVEL,BLT5YVEL,BLT5YVEL,0,-BLT5YVEL
 *********  AN IDENTIFIER IN THE EXPRESSION IS INVALID

83  BUL5XV:	.LONG	0,BLT5XVEL,BLT5XVEL,BLT5XVEL,0,-BLT5XVEL,-BLT5XVEL,-BLT5XVEL
 *********  AN IDENTIFIER IN THE EXPRESSION IS INVALID

84  GRNYV:	.LONG	-GRNYVEL,-GRNYVEL,0,GRNYVEL,GRNYVEL,GRNYVEL,0,-GRNYVEL
 *********  AN IDENTIFIER IN THE EXPRESSION IS INVALID

85  GRNXV:	.LONG	0,GRNXVEL,GRNXVEL,GRNXVEL,0,-GRNXVEL,-GRNXVEL,-GRNXVEL
 *********  AN IDENTIFIER IN THE EXPRESSION IS INVALID

86  GRNYV2:	.LONG	-GRNYVEL2,-GRNYVEL2,0,GRNYVEL2,GRNYVEL2,GRNYVEL2,0,-GRNYVEL2
 *********  AN IDENTIFIER IN THE EXPRESSION IS INVALID

87  GRNXV2:	.LONG	0,GRNXVEL2,GRNXVEL2,GRNXVEL2,0,-GRNXVEL2,-GRNXVEL2,-GRNXVEL2
 *********  AN IDENTIFIER IN THE EXPRESSION IS INVALID

234  	MOVB	@PCNT,A0
 *********  AN IDENTIFIER IN THE EXPRESSION IS INVALID

254  	.LONG	0,BULLETUP,BULLETUP,0,BULLETSIDE,BULLET45
 *********  AN IDENTIFIER IN THE EXPRESSION IS INVALID

255  	.LONG	BULLET45,BULLETSIDE,BULLET45,BULLET45
 *********  AN IDENTIFIER IN THE EXPRESSION IS INVALID

257  	.LONG	0,B2UP,B2UP,0,B2SIDE,B245
 *********  AN IDENTIFIER IN THE EXPRESSION IS INVALID

258  	.LONG	B245,B2SIDE,B245,B245
 *********  AN IDENTIFIER IN THE EXPRESSION IS INVALID

309  EXPL	.LONG	BULLDINGSIDE		;BULLET COLLIDE WITH LEFT WALL
 *********  AN IDENTIFIER IN THE EXPRESSION IS INVALID

311  	.LONG	BULLDINGSIDE2
 *********  AN IDENTIFIER IN THE EXPRESSION IS INVALID

313  	.LONG	BULLDINGSIDE
 *********  AN IDENTIFIER IN THE EXPRESSION IS INVALID

316  EXPR	.LONG	BULLDINGSIDE		;BULLET COLLIDE WITH LEFT WALL
 *********  AN IDENTIFIER IN THE EXPRESSION IS INVALID

318  	.LONG	BULLDINGSIDE2
 *********  AN IDENTIFIER IN THE EXPRESSION IS INVALID

320  	.LONG	BULLDINGSIDE
 *********  AN IDENTIFIER IN THE EXPRESSION IS INVALID

323  EXPT	.LONG	BULLDINGUP
 *********  AN IDENTIFIER IN THE EXPRESSION IS INVALID

325  	.LONG	BULLDINGUP2
 *********  AN IDENTIFIER IN THE EXPRESSION IS INVALID

327  	.LONG	BULLDINGUP
 *********  AN IDENTIFIER IN THE EXPRESSION IS INVALID

331  EXPD	.LONG	BULLDINGUP		;BULLET COLLIDE WITH BOTTOM WALL
 *********  AN IDENTIFIER IN THE EXPRESSION IS INVALID

333  	.LONG	BULLDINGUP2
 *********  AN IDENTIFIER IN THE EXPRESSION IS INVALID

335  	.LONG	BULLDINGUP
 *********  AN IDENTIFIER IN THE EXPRESSION IS INVALID

339  	.LONG	EXPb1
 *********  AN IDENTIFIER IN THE EXPRESSION IS INVALID

341  	.LONG	BULLET			;NEW PAL NAME
 *********  AN IDENTIFIER IN THE EXPRESSION IS INVALID

342  	.LONG	EXPb2
 *********  AN IDENTIFIER IN THE EXPRESSION IS INVALID

344  	.LONG	EXPb1
 *********  AN IDENTIFIER IN THE EXPRESSION IS INVALID

351  TOSSG:	.LONG	GRND1,GRND2,GRND3,GRND4,GRND8,GRND9,GRND10,GRND11
 *********  AN IDENTIFIER IN THE EXPRESSION IS INVALID

352  	.LONG	GRND12,GRND13,GRND9,GRND10,GRND11,GRND12,GRND13,GRND9
 *********  AN IDENTIFIER IN THE EXPRESSION IS INVALID

353  	.LONG	GRND8,GRND4,GRND3,GRND2,GRND1,GRND1,0
 *********  AN IDENTIFIER IN THE EXPRESSION IS INVALID

1471  	.LONG	PODA
 *********  AN IDENTIFIER IN THE EXPRESSION IS INVALID

1473  	.LONG	PODB
 *********  AN IDENTIFIER IN THE EXPRESSION IS INVALID

1475  	.LONG	PODC
 *********  AN IDENTIFIER IN THE EXPRESSION IS INVALID

1477  	.LONG	PODD
 *********  AN IDENTIFIER IN THE EXPRESSION IS INVALID

1479  	.LONG	PODB
 *********  AN IDENTIFIER IN THE EXPRESSION IS INVALID

1481  	.LONG	PODA
 *********  AN IDENTIFIER IN THE EXPRESSION IS INVALID

1483  	.LONG	PODB
 *********  AN IDENTIFIER IN THE EXPRESSION IS INVALID

1485  	.LONG	PODC
 *********  AN IDENTIFIER IN THE EXPRESSION IS INVALID

1487  	.LONG	PODD
 *********  AN IDENTIFIER IN THE EXPRESSION IS INVALID

1489  	.LONG	PODB
 *********  AN IDENTIFIER IN THE EXPRESSION IS INVALID

The following symbols are undefined:
  GRNYVEL2
  BULLET45
  BULLDINGSIDE
  BULLDINGUP
  BULLETSIDE
  B245
  EXPb1
  EXPb2
  B2SIDE
  PCNT
  PODA
  PODB
  PODC
  PODD
  BULLETUP
  BULLDINGSIDE2
  BULLDINGUP2
  B2UP
  BULLET
  BLT5XVEL
  GRND1
  GRND2
  GRND3
  GRND4
  GRNXVEL
  BLT5YVEL
  GRND8
  GRND9
  GRNYVEL
  GRND10
  GRND11
  GRND12
  GRND13
  GRNXVEL2

 40 Errors,  No Warnings

Errors in source - Assembler Aborted


*** Error code 1
